07-Jun-2021 00:22:12.308 INFO [localhost-startStop-2] org.apache.catalina.core.ApplicationContext.log No Spring WebApplicationInitializer types detected on classpath
07-Jun-2021 00:22:12.485 INFO [localhost-startStop-2] org.apache.catalina.core.ApplicationContext.log Initializing Spring root WebApplicationContext
07-Jun-2021 00:22:15.440 INFO [localhost-startStop-2] org.apache.catalina.core.ApplicationContext.log Initializing Spring FrameworkServlet 'dispatcher'
07-Jun-2021 01:08:55.520 INFO [localhost-startStop-1] org.apache.catalina.core.ApplicationContext.log No Spring WebApplicationInitializer types detected on classpath
07-Jun-2021 01:08:55.720 INFO [localhost-startStop-1] org.apache.catalina.core.ApplicationContext.log Initializing Spring root WebApplicationContext
07-Jun-2021 01:08:59.314 INFO [localhost-startStop-1] org.apache.catalina.core.ApplicationContext.log Initializing Spring FrameworkServlet 'dispatcher'
07-Jun-2021 01:09:00.419 INFO [localhost-startStop-1] org.apache.catalina.core.ApplicationContext.log No Spring WebApplicationInitializer types detected on classpath
07-Jun-2021 01:09:00.577 INFO [localhost-startStop-1] org.apache.catalina.core.ApplicationContext.log Initializing Spring root WebApplicationContext
07-Jun-2021 01:09:03.368 INFO [localhost-startStop-1] org.apache.catalina.core.ApplicationContext.log Initializing Spring FrameworkServlet 'dispatcher'
07-Jun-2021 01:09:03.738 INFO [localhost-startStop-1] org.apache.catalina.core.ApplicationContext.log ContextListener: contextInitialized()
07-Jun-2021 01:09:03.738 INFO [localhost-startStop-1] org.apache.catalina.core.ApplicationContext.log SessionListener: contextInitialized()
07-Jun-2021 01:09:03.739 INFO [localhost-startStop-1] org.apache.catalina.core.ApplicationContext.log ContextListener: attributeAdded('StockTicker', 'async.Stockticker@5389302a')
07-Jun-2021 01:09:31.385 INFO [http-nio-8080-exec-7] org.apache.catalina.core.ApplicationContext.log Destroying Spring FrameworkServlet 'dispatcher'
07-Jun-2021 01:09:31.386 INFO [http-nio-8080-exec-7] org.apache.catalina.core.ApplicationContext.log Closing Spring root WebApplicationContext
07-Jun-2021 01:10:26.855 INFO [http-nio-8080-exec-5] org.apache.catalina.core.ApplicationContext.log Destroying Spring FrameworkServlet 'dispatcher'
07-Jun-2021 01:10:26.856 INFO [http-nio-8080-exec-5] org.apache.catalina.core.ApplicationContext.log Closing Spring root WebApplicationContext
07-Jun-2021 01:11:45.446 INFO [localhost-startStop-2] org.apache.catalina.core.ApplicationContext.log No Spring WebApplicationInitializer types detected on classpath
07-Jun-2021 01:11:45.634 INFO [localhost-startStop-2] org.apache.catalina.core.ApplicationContext.log Initializing Spring root WebApplicationContext
07-Jun-2021 01:11:49.092 INFO [localhost-startStop-2] org.apache.catalina.core.ApplicationContext.log Initializing Spring FrameworkServlet 'dispatcher'
07-Jun-2021 01:13:01.726 INFO [http-nio-8080-exec-15] org.apache.catalina.core.ApplicationContext.log Destroying Spring FrameworkServlet 'dispatcher'
07-Jun-2021 01:13:01.739 INFO [http-nio-8080-exec-15] org.apache.catalina.core.ApplicationContext.log Closing Spring root WebApplicationContext
07-Jun-2021 01:13:40.404 INFO [localhost-startStop-3] org.apache.catalina.core.ApplicationContext.log No Spring WebApplicationInitializer types detected on classpath
07-Jun-2021 01:13:40.579 INFO [localhost-startStop-3] org.apache.catalina.core.ApplicationContext.log Initializing Spring root WebApplicationContext
07-Jun-2021 01:13:43.872 INFO [localhost-startStop-3] org.apache.catalina.core.ApplicationContext.log Initializing Spring FrameworkServlet 'dispatcher'
07-Jun-2021 04:51:33.704 INFO [localhost-startStop-1] org.apache.catalina.core.ApplicationContext.log No Spring WebApplicationInitializer types detected on classpath
07-Jun-2021 04:51:33.911 INFO [localhost-startStop-1] org.apache.catalina.core.ApplicationContext.log Initializing Spring root WebApplicationContext
07-Jun-2021 04:51:37.543 INFO [localhost-startStop-1] org.apache.catalina.core.ApplicationContext.log Initializing Spring FrameworkServlet 'dispatcher'
07-Jun-2021 04:51:37.961 INFO [localhost-startStop-1] org.apache.catalina.core.ApplicationContext.log ContextListener: contextInitialized()
07-Jun-2021 04:51:37.961 INFO [localhost-startStop-1] org.apache.catalina.core.ApplicationContext.log SessionListener: contextInitialized()
07-Jun-2021 04:51:37.963 INFO [localhost-startStop-1] org.apache.catalina.core.ApplicationContext.log ContextListener: attributeAdded('StockTicker', 'async.Stockticker@46dcd23f')
07-Jun-2021 04:51:39.133 INFO [localhost-startStop-1] org.apache.catalina.core.ApplicationContext.log No Spring WebApplicationInitializer types detected on classpath
07-Jun-2021 04:51:39.293 INFO [localhost-startStop-1] org.apache.catalina.core.ApplicationContext.log Initializing Spring root WebApplicationContext
07-Jun-2021 04:51:42.357 INFO [localhost-startStop-1] org.apache.catalina.core.ApplicationContext.log Initializing Spring FrameworkServlet 'dispatcher'
07-Jun-2021 04:51:43.706 INFO [localhost-startStop-1] org.apache.catalina.core.ApplicationContext.log No Spring WebApplicationInitializer types detected on classpath
07-Jun-2021 04:51:43.854 INFO [localhost-startStop-1] org.apache.catalina.core.ApplicationContext.log Initializing Spring root WebApplicationContext
07-Jun-2021 04:51:46.907 INFO [localhost-startStop-1] org.apache.catalina.core.ApplicationContext.log Initializing Spring FrameworkServlet 'dispatcher'
07-Jun-2021 04:51:47.862 INFO [localhost-startStop-1] org.apache.catalina.core.ApplicationContext.log No Spring WebApplicationInitializer types detected on classpath
07-Jun-2021 04:51:48.030 INFO [localhost-startStop-1] org.apache.catalina.core.ApplicationContext.log Initializing Spring root WebApplicationContext
07-Jun-2021 04:51:50.840 INFO [localhost-startStop-1] org.apache.catalina.core.ApplicationContext.log Initializing Spring FrameworkServlet 'dispatcher'
07-Jun-2021 04:54:42.802 INFO [localhost-startStop-1] org.apache.catalina.core.ApplicationContext.log No Spring WebApplicationInitializer types detected on classpath
07-Jun-2021 04:54:43.006 INFO [localhost-startStop-1] org.apache.catalina.core.ApplicationContext.log Initializing Spring root WebApplicationContext
07-Jun-2021 04:54:46.848 INFO [localhost-startStop-1] org.apache.catalina.core.ApplicationContext.log Initializing Spring FrameworkServlet 'dispatcher'
07-Jun-2021 04:54:47.231 INFO [localhost-startStop-1] org.apache.catalina.core.ApplicationContext.log ContextListener: contextInitialized()
07-Jun-2021 04:54:47.231 INFO [localhost-startStop-1] org.apache.catalina.core.ApplicationContext.log SessionListener: contextInitialized()
07-Jun-2021 04:54:47.232 INFO [localhost-startStop-1] org.apache.catalina.core.ApplicationContext.log ContextListener: attributeAdded('StockTicker', 'async.Stockticker@41689170')
07-Jun-2021 04:54:48.390 INFO [localhost-startStop-1] org.apache.catalina.core.ApplicationContext.log No Spring WebApplicationInitializer types detected on classpath
07-Jun-2021 04:54:48.558 INFO [localhost-startStop-1] org.apache.catalina.core.ApplicationContext.log Initializing Spring root WebApplicationContext
07-Jun-2021 04:54:51.625 INFO [localhost-startStop-1] org.apache.catalina.core.ApplicationContext.log Initializing Spring FrameworkServlet 'dispatcher'
07-Jun-2021 04:54:52.814 INFO [localhost-startStop-1] org.apache.catalina.core.ApplicationContext.log No Spring WebApplicationInitializer types detected on classpath
07-Jun-2021 04:54:52.958 INFO [localhost-startStop-1] org.apache.catalina.core.ApplicationContext.log Initializing Spring root WebApplicationContext
07-Jun-2021 04:54:55.979 INFO [localhost-startStop-1] org.apache.catalina.core.ApplicationContext.log Initializing Spring FrameworkServlet 'dispatcher'
07-Jun-2021 04:54:56.973 INFO [localhost-startStop-1] org.apache.catalina.core.ApplicationContext.log No Spring WebApplicationInitializer types detected on classpath
07-Jun-2021 04:54:57.144 INFO [localhost-startStop-1] org.apache.catalina.core.ApplicationContext.log Initializing Spring root WebApplicationContext
07-Jun-2021 04:55:00.059 INFO [localhost-startStop-1] org.apache.catalina.core.ApplicationContext.log Initializing Spring FrameworkServlet 'dispatcher'
07-Jun-2021 04:56:54.459 INFO [localhost-startStop-1] org.apache.catalina.core.ApplicationContext.log No Spring WebApplicationInitializer types detected on classpath
07-Jun-2021 04:56:54.660 INFO [localhost-startStop-1] org.apache.catalina.core.ApplicationContext.log Initializing Spring root WebApplicationContext
07-Jun-2021 04:56:58.231 INFO [localhost-startStop-1] org.apache.catalina.core.ApplicationContext.log Initializing Spring FrameworkServlet 'dispatcher'
07-Jun-2021 04:56:58.615 INFO [localhost-startStop-1] org.apache.catalina.core.ApplicationContext.log ContextListener: contextInitialized()
07-Jun-2021 04:56:58.615 INFO [localhost-startStop-1] org.apache.catalina.core.ApplicationContext.log SessionListener: contextInitialized()
07-Jun-2021 04:56:58.616 INFO [localhost-startStop-1] org.apache.catalina.core.ApplicationContext.log ContextListener: attributeAdded('StockTicker', 'async.Stockticker@2bbf940e')
07-Jun-2021 04:56:59.750 INFO [localhost-startStop-1] org.apache.catalina.core.ApplicationContext.log No Spring WebApplicationInitializer types detected on classpath
07-Jun-2021 04:56:59.900 INFO [localhost-startStop-1] org.apache.catalina.core.ApplicationContext.log Initializing Spring root WebApplicationContext
07-Jun-2021 04:57:03.024 INFO [localhost-startStop-1] org.apache.catalina.core.ApplicationContext.log Initializing Spring FrameworkServlet 'dispatcher'
07-Jun-2021 04:57:04.240 INFO [localhost-startStop-1] org.apache.catalina.core.ApplicationContext.log No Spring WebApplicationInitializer types detected on classpath
07-Jun-2021 04:57:04.386 INFO [localhost-startStop-1] org.apache.catalina.core.ApplicationContext.log Initializing Spring root WebApplicationContext
07-Jun-2021 04:57:07.358 INFO [localhost-startStop-1] org.apache.catalina.core.ApplicationContext.log Initializing Spring FrameworkServlet 'dispatcher'
07-Jun-2021 04:57:08.316 INFO [localhost-startStop-1] org.apache.catalina.core.ApplicationContext.log No Spring WebApplicationInitializer types detected on classpath
07-Jun-2021 04:57:08.480 INFO [localhost-startStop-1] org.apache.catalina.core.ApplicationContext.log Initializing Spring root WebApplicationContext
07-Jun-2021 04:57:11.281 INFO [localhost-startStop-1] org.apache.catalina.core.ApplicationContext.log Initializing Spring FrameworkServlet 'dispatcher'
07-Jun-2021 04:59:24.379 INFO [http-nio-8080-exec-5] org.apache.catalina.core.ApplicationContext.log Destroying Spring FrameworkServlet 'dispatcher'
07-Jun-2021 04:59:24.380 INFO [http-nio-8080-exec-5] org.apache.catalina.core.ApplicationContext.log Closing Spring root WebApplicationContext
07-Jun-2021 04:59:26.388 INFO [http-nio-8080-exec-2] org.apache.catalina.core.ApplicationContext.log Destroying Spring FrameworkServlet 'dispatcher'
07-Jun-2021 04:59:26.389 INFO [http-nio-8080-exec-2] org.apache.catalina.core.ApplicationContext.log Closing Spring root WebApplicationContext
07-Jun-2021 04:59:31.699 INFO [http-nio-8080-exec-7] org.apache.catalina.core.ApplicationContext.log Destroying Spring FrameworkServlet 'dispatcher'
07-Jun-2021 04:59:31.714 INFO [http-nio-8080-exec-7] org.apache.catalina.core.ApplicationContext.log Closing Spring root WebApplicationContext
07-Jun-2021 04:59:36.904 INFO [http-nio-8080-exec-10] org.apache.catalina.core.ApplicationContext.log Destroying Spring FrameworkServlet 'dispatcher'
07-Jun-2021 04:59:36.905 INFO [http-nio-8080-exec-10] org.apache.catalina.core.ApplicationContext.log Closing Spring root WebApplicationContext
07-Jun-2021 04:59:52.717 INFO [http-nio-8080-exec-6] org.apache.catalina.core.ApplicationContext.log No Spring WebApplicationInitializer types detected on classpath
07-Jun-2021 04:59:52.876 INFO [http-nio-8080-exec-6] org.apache.catalina.core.ApplicationContext.log Initializing Spring root WebApplicationContext
07-Jun-2021 04:59:56.014 INFO [http-nio-8080-exec-6] org.apache.catalina.core.ApplicationContext.log Initializing Spring FrameworkServlet 'dispatcher'
07-Jun-2021 05:00:19.210 INFO [http-nio-8080-exec-15] org.apache.catalina.core.ApplicationContext.log Destroying Spring FrameworkServlet 'dispatcher'
07-Jun-2021 05:00:19.214 INFO [http-nio-8080-exec-15] org.apache.catalina.core.ApplicationContext.log Closing Spring root WebApplicationContext
07-Jun-2021 05:00:33.197 INFO [http-nio-8080-exec-16] org.apache.catalina.core.ApplicationContext.log No Spring WebApplicationInitializer types detected on classpath
07-Jun-2021 05:00:33.364 INFO [http-nio-8080-exec-16] org.apache.catalina.core.ApplicationContext.log Initializing Spring root WebApplicationContext
07-Jun-2021 05:00:36.455 INFO [http-nio-8080-exec-16] org.apache.catalina.core.ApplicationContext.log Initializing Spring FrameworkServlet 'dispatcher'
07-Jun-2021 05:00:56.822 INFO [localhost-startStop-2] org.apache.catalina.core.ApplicationContext.log SessionListener: contextDestroyed()
07-Jun-2021 05:00:56.822 INFO [localhost-startStop-2] org.apache.catalina.core.ApplicationContext.log ContextListener: contextDestroyed()
07-Jun-2021 05:00:56.828 INFO [localhost-startStop-2] org.apache.catalina.core.ApplicationContext.log Destroying Spring FrameworkServlet 'dispatcher'
07-Jun-2021 05:00:56.832 INFO [localhost-startStop-2] org.apache.catalina.core.ApplicationContext.log Closing Spring root WebApplicationContext
07-Jun-2021 05:01:46.781 INFO [localhost-startStop-1] org.apache.catalina.core.ApplicationContext.log No Spring WebApplicationInitializer types detected on classpath
07-Jun-2021 05:01:46.997 INFO [localhost-startStop-1] org.apache.catalina.core.ApplicationContext.log Initializing Spring root WebApplicationContext
07-Jun-2021 05:01:50.962 INFO [localhost-startStop-1] org.apache.catalina.core.ApplicationContext.log Initializing Spring FrameworkServlet 'dispatcher'
07-Jun-2021 05:01:51.380 INFO [localhost-startStop-1] org.apache.catalina.core.ApplicationContext.log ContextListener: contextInitialized()
07-Jun-2021 05:01:51.380 INFO [localhost-startStop-1] org.apache.catalina.core.ApplicationContext.log SessionListener: contextInitialized()
07-Jun-2021 05:01:51.381 INFO [localhost-startStop-1] org.apache.catalina.core.ApplicationContext.log ContextListener: attributeAdded('StockTicker', 'async.Stockticker@3afa6206')
07-Jun-2021 05:01:52.651 INFO [localhost-startStop-1] org.apache.catalina.core.ApplicationContext.log No Spring WebApplicationInitializer types detected on classpath
07-Jun-2021 05:01:52.811 INFO [localhost-startStop-1] org.apache.catalina.core.ApplicationContext.log Initializing Spring root WebApplicationContext
07-Jun-2021 05:01:56.038 INFO [localhost-startStop-1] org.apache.catalina.core.ApplicationContext.log Initializing Spring FrameworkServlet 'dispatcher'
